Determining if the pthread_create exist failed with the following output:
Change Dir: /home/michail/Рабочий стол/c++/nw_ex/build/CMakeFiles/CMakeTmp

Run Build Command:"/usr/bin/make" "cmTC_3c826/fast"
/usr/bin/make -f CMakeFiles/cmTC_3c826.dir/build.make CMakeFiles/cmTC_3c826.dir/build
make[1]: Entering directory '/home/michail/Рабочий стол/c++/nw_ex/build/CMakeFiles/CMakeTmp'
Building C object CMakeFiles/cmTC_3c826.dir/CheckSymbolExists.c.o
/usr/bin/cc    -o CMakeFiles/cmTC_3c826.dir/CheckSymbolExists.c.o   -c "/home/michail/Рабочий стол/c++/nw_ex/build/CMakeFiles/CMakeTmp/CheckSymbolExists.c"
Linking C executable cmTC_3c826
/usr/bin/cmake -E cmake_link_script CMakeFiles/cmTC_3c826.dir/link.txt --verbose=1
/usr/bin/cc      -rdynamic CMakeFiles/cmTC_3c826.dir/CheckSymbolExists.c.o  -o cmTC_3c826 
CMakeFiles/cmTC_3c826.dir/CheckSymbolExists.c.o: In function `main':
CheckSymbolExists.c:(.text+0x1b): undefined reference to `pthread_create'
collect2: error: ld returned 1 exit status
CMakeFiles/cmTC_3c826.dir/build.make:97: recipe for target 'cmTC_3c826' failed
make[1]: *** [cmTC_3c826] Error 1
make[1]: Leaving directory '/home/michail/Рабочий стол/c++/nw_ex/build/CMakeFiles/CMakeTmp'
Makefile:126: recipe for target 'cmTC_3c826/fast' failed
make: *** [cmTC_3c826/fast] Error 2

File /home/michail/Рабочий стол/c++/nw_ex/build/CMakeFiles/CMakeTmp/CheckSymbolExists.c:
/* */
#include <pthread.h>

int main(int argc, char** argv)
{
  (void)argv;
#ifndef pthread_create
  return ((int*)(&pthread_create))[argc];
#else
  (void)argc;
  return 0;
#endif
}

Determining if the function pthread_create exists in the pthreads failed with the following output:
Change Dir: /home/michail/Рабочий стол/c++/nw_ex/build/CMakeFiles/CMakeTmp

Run Build Command:"/usr/bin/make" "cmTC_b04b1/fast"
/usr/bin/make -f CMakeFiles/cmTC_b04b1.dir/build.make CMakeFiles/cmTC_b04b1.dir/build
make[1]: Entering directory '/home/michail/Рабочий стол/c++/nw_ex/build/CMakeFiles/CMakeTmp'
Building C object CMakeFiles/cmTC_b04b1.dir/CheckFunctionExists.c.o
/usr/bin/cc   -DCHECK_FUNCTION_EXISTS=pthread_create   -o CMakeFiles/cmTC_b04b1.dir/CheckFunctionExists.c.o   -c /usr/share/cmake-3.10/Modules/CheckFunctionExists.c
Linking C executable cmTC_b04b1
/usr/bin/cmake -E cmake_link_script CMakeFiles/cmTC_b04b1.dir/link.txt --verbose=1
/usr/bin/cc  -DCHECK_FUNCTION_EXISTS=pthread_create    -rdynamic CMakeFiles/cmTC_b04b1.dir/CheckFunctionExists.c.o  -o cmTC_b04b1 -lpthreads 
/usr/bin/ld: cannot find -lpthreads
collect2: error: ld returned 1 exit status
CMakeFiles/cmTC_b04b1.dir/build.make:97: recipe for target 'cmTC_b04b1' failed
make[1]: *** [cmTC_b04b1] Error 1
make[1]: Leaving directory '/home/michail/Рабочий стол/c++/nw_ex/build/CMakeFiles/CMakeTmp'
Makefile:126: recipe for target 'cmTC_b04b1/fast' failed
make: *** [cmTC_b04b1/fast] Error 2


Determining if the function sgesv exists failed with the following output:
Change Dir: /home/michail/Рабочий стол/c++/nw_ex/build/CMakeFiles/CMakeTmp

Run Build Command:"/usr/bin/make" "cmTC_db4be/fast"
/usr/bin/make -f CMakeFiles/cmTC_db4be.dir/build.make CMakeFiles/cmTC_db4be.dir/build
make[1]: Entering directory '/home/michail/Рабочий стол/c++/nw_ex/build/CMakeFiles/CMakeTmp'
Building C object CMakeFiles/cmTC_db4be.dir/CheckFunctionExists.c.o
/usr/bin/cc   -DCHECK_FUNCTION_EXISTS=sgesv   -o CMakeFiles/cmTC_db4be.dir/CheckFunctionExists.c.o   -c /usr/share/cmake-3.10/Modules/CheckFunctionExists.c
Linking C executable cmTC_db4be
/usr/bin/cmake -E cmake_link_script CMakeFiles/cmTC_db4be.dir/link.txt --verbose=1
/usr/bin/cc  -DCHECK_FUNCTION_EXISTS=sgesv    -rdynamic CMakeFiles/cmTC_db4be.dir/CheckFunctionExists.c.o  -o cmTC_db4be /usr/lib/x86_64-linux-gnu/liblapack.so 
CMakeFiles/cmTC_db4be.dir/CheckFunctionExists.c.o: In function `main':
CheckFunctionExists.c:(.text+0x10): undefined reference to `sgesv'
collect2: error: ld returned 1 exit status
CMakeFiles/cmTC_db4be.dir/build.make:98: recipe for target 'cmTC_db4be' failed
make[1]: *** [cmTC_db4be] Error 1
make[1]: Leaving directory '/home/michail/Рабочий стол/c++/nw_ex/build/CMakeFiles/CMakeTmp'
Makefile:126: recipe for target 'cmTC_db4be/fast' failed
make: *** [cmTC_db4be/fast] Error 2


